[2025-08-14T09:44:27.652+0000] {processor.py:186} INFO - Started process (PID=168) to work on /opt/airflow/dags/weather_etl_dag.py
[2025-08-14T09:44:27.655+0000] {processor.py:914} INFO - Processing file /opt/airflow/dags/weather_etl_dag.py for tasks to queue
[2025-08-14T09:44:27.665+0000] {logging_mixin.py:190} INFO - [2025-08-14T09:44:27.664+0000] {dagbag.py:588} INFO - Filling up the DagBag from /opt/airflow/dags/weather_etl_dag.py
[2025-08-14T09:44:27.975+0000] {processor.py:925} INFO - DAG(s) 'weather_etl_pipeline' retrieved from /opt/airflow/dags/weather_etl_dag.py
[2025-08-14T09:44:28.496+0000] {logging_mixin.py:190} INFO - [2025-08-14T09:44:28.495+0000] {override.py:1911} INFO - Created Permission View: can read on DAG:weather_etl_pipeline
[2025-08-14T09:44:28.539+0000] {logging_mixin.py:190} INFO - [2025-08-14T09:44:28.538+0000] {override.py:1911} INFO - Created Permission View: can edit on DAG:weather_etl_pipeline
[2025-08-14T09:44:28.553+0000] {logging_mixin.py:190} INFO - [2025-08-14T09:44:28.553+0000] {override.py:1911} INFO - Created Permission View: can delete on DAG:weather_etl_pipeline
[2025-08-14T09:44:28.566+0000] {logging_mixin.py:190} INFO - [2025-08-14T09:44:28.565+0000] {override.py:1911} INFO - Created Permission View: can create on DAG Run:weather_etl_pipeline
[2025-08-14T09:44:28.578+0000] {logging_mixin.py:190} INFO - [2025-08-14T09:44:28.578+0000] {override.py:1911} INFO - Created Permission View: can read on DAG Run:weather_etl_pipeline
[2025-08-14T09:44:28.589+0000] {logging_mixin.py:190} INFO - [2025-08-14T09:44:28.589+0000] {override.py:1911} INFO - Created Permission View: menu access on DAG Run:weather_etl_pipeline
[2025-08-14T09:44:28.601+0000] {logging_mixin.py:190} INFO - [2025-08-14T09:44:28.601+0000] {override.py:1911} INFO - Created Permission View: can delete on DAG Run:weather_etl_pipeline
[2025-08-14T09:44:28.602+0000] {logging_mixin.py:190} INFO - [2025-08-14T09:44:28.602+0000] {dag.py:3239} INFO - Sync 1 DAGs
[2025-08-14T09:44:28.633+0000] {logging_mixin.py:190} INFO - [2025-08-14T09:44:28.633+0000] {dag.py:3262} INFO - Creating ORM DAG for weather_etl_pipeline
[2025-08-14T09:44:28.660+0000] {logging_mixin.py:190} INFO - [2025-08-14T09:44:28.660+0000] {dag.py:4180} INFO - Setting next_dagrun for weather_etl_pipeline to 2025-08-14 08:00:00+00:00, run_after=2025-08-14 09:00:00+00:00
[2025-08-14T09:44:28.734+0000] {processor.py:208} INFO - Processing /opt/airflow/dags/weather_etl_dag.py took 1.110 seconds
[2025-08-14T09:44:58.895+0000] {processor.py:186} INFO - Started process (PID=180) to work on /opt/airflow/dags/weather_etl_dag.py
[2025-08-14T09:44:58.924+0000] {processor.py:914} INFO - Processing file /opt/airflow/dags/weather_etl_dag.py for tasks to queue
[2025-08-14T09:44:58.928+0000] {logging_mixin.py:190} INFO - [2025-08-14T09:44:58.927+0000] {dagbag.py:588} INFO - Filling up the DagBag from /opt/airflow/dags/weather_etl_dag.py
[2025-08-14T09:44:58.987+0000] {processor.py:925} INFO - DAG(s) 'weather_etl_pipeline' retrieved from /opt/airflow/dags/weather_etl_dag.py
[2025-08-14T09:44:59.022+0000] {logging_mixin.py:190} INFO - [2025-08-14T09:44:59.022+0000] {dag.py:3239} INFO - Sync 1 DAGs
[2025-08-14T09:44:59.073+0000] {logging_mixin.py:190} INFO - [2025-08-14T09:44:59.072+0000] {dag.py:4180} INFO - Setting next_dagrun for weather_etl_pipeline to 2025-08-14 08:00:00+00:00, run_after=2025-08-14 09:00:00+00:00
[2025-08-14T09:44:59.107+0000] {processor.py:208} INFO - Processing /opt/airflow/dags/weather_etl_dag.py took 0.220 seconds
[2025-08-14T09:45:31.311+0000] {processor.py:186} INFO - Started process (PID=192) to work on /opt/airflow/dags/weather_etl_dag.py
[2025-08-14T09:45:31.973+0000] {processor.py:914} INFO - Processing file /opt/airflow/dags/weather_etl_dag.py for tasks to queue
[2025-08-14T09:45:32.526+0000] {logging_mixin.py:190} INFO - [2025-08-14T09:45:32.186+0000] {dagbag.py:588} INFO - Filling up the DagBag from /opt/airflow/dags/weather_etl_dag.py
[2025-08-14T09:45:35.563+0000] {processor.py:925} INFO - DAG(s) 'weather_etl_pipeline' retrieved from /opt/airflow/dags/weather_etl_dag.py
[2025-08-14T09:45:37.940+0000] {logging_mixin.py:190} INFO - [2025-08-14T09:45:37.940+0000] {dag.py:3239} INFO - Sync 1 DAGs
[2025-08-14T09:45:43.904+0000] {logging_mixin.py:190} INFO - [2025-08-14T09:45:43.904+0000] {dag.py:4180} INFO - Setting next_dagrun for weather_etl_pipeline to 2025-08-14 08:00:00+00:00, run_after=2025-08-14 09:00:00+00:00
[2025-08-14T09:45:51.274+0000] {processor.py:208} INFO - Processing /opt/airflow/dags/weather_etl_dag.py took 20.164 seconds
[2025-08-14T09:46:27.575+0000] {processor.py:186} INFO - Started process (PID=203) to work on /opt/airflow/dags/weather_etl_dag.py
[2025-08-14T09:46:28.210+0000] {processor.py:914} INFO - Processing file /opt/airflow/dags/weather_etl_dag.py for tasks to queue
[2025-08-14T09:46:28.256+0000] {logging_mixin.py:190} INFO - [2025-08-14T09:46:28.255+0000] {dagbag.py:588} INFO - Filling up the DagBag from /opt/airflow/dags/weather_etl_dag.py
[2025-08-14T09:46:30.323+0000] {processor.py:925} INFO - DAG(s) 'weather_etl_pipeline' retrieved from /opt/airflow/dags/weather_etl_dag.py
[2025-08-14T09:46:30.740+0000] {logging_mixin.py:190} INFO - [2025-08-14T09:46:30.740+0000] {dag.py:3239} INFO - Sync 1 DAGs
[2025-08-14T09:46:31.306+0000] {logging_mixin.py:190} INFO - [2025-08-14T09:46:31.306+0000] {dag.py:4180} INFO - Setting next_dagrun for weather_etl_pipeline to 2025-08-14 08:00:00+00:00, run_after=2025-08-14 09:00:00+00:00
[2025-08-14T09:46:31.529+0000] {processor.py:208} INFO - Processing /opt/airflow/dags/weather_etl_dag.py took 5.328 seconds
[2025-08-14T09:47:02.701+0000] {processor.py:186} INFO - Started process (PID=215) to work on /opt/airflow/dags/weather_etl_dag.py
[2025-08-14T09:47:02.703+0000] {processor.py:914} INFO - Processing file /opt/airflow/dags/weather_etl_dag.py for tasks to queue
[2025-08-14T09:47:02.706+0000] {logging_mixin.py:190} INFO - [2025-08-14T09:47:02.706+0000] {dagbag.py:588} INFO - Filling up the DagBag from /opt/airflow/dags/weather_etl_dag.py
[2025-08-14T09:47:03.084+0000] {processor.py:925} INFO - DAG(s) 'weather_etl_pipeline' retrieved from /opt/airflow/dags/weather_etl_dag.py
[2025-08-14T09:47:03.646+0000] {logging_mixin.py:190} INFO - [2025-08-14T09:47:03.646+0000] {dag.py:3239} INFO - Sync 1 DAGs
[2025-08-14T09:47:03.676+0000] {logging_mixin.py:190} INFO - [2025-08-14T09:47:03.676+0000] {dag.py:4180} INFO - Setting next_dagrun for weather_etl_pipeline to 2025-08-14 08:00:00+00:00, run_after=2025-08-14 09:00:00+00:00
[2025-08-14T09:47:03.813+0000] {processor.py:208} INFO - Processing /opt/airflow/dags/weather_etl_dag.py took 1.120 seconds
[2025-08-14T09:47:36.147+0000] {processor.py:186} INFO - Started process (PID=226) to work on /opt/airflow/dags/weather_etl_dag.py
[2025-08-14T09:47:36.204+0000] {processor.py:914} INFO - Processing file /opt/airflow/dags/weather_etl_dag.py for tasks to queue
[2025-08-14T09:47:36.209+0000] {logging_mixin.py:190} INFO - [2025-08-14T09:47:36.208+0000] {dagbag.py:588} INFO - Filling up the DagBag from /opt/airflow/dags/weather_etl_dag.py
[2025-08-14T09:47:38.049+0000] {processor.py:925} INFO - DAG(s) 'weather_etl_pipeline' retrieved from /opt/airflow/dags/weather_etl_dag.py
[2025-08-14T09:47:38.776+0000] {logging_mixin.py:190} INFO - [2025-08-14T09:47:38.776+0000] {dag.py:3239} INFO - Sync 1 DAGs
[2025-08-14T09:47:38.927+0000] {logging_mixin.py:190} INFO - [2025-08-14T09:47:38.927+0000] {dag.py:4180} INFO - Setting next_dagrun for weather_etl_pipeline to 2025-08-14 08:00:00+00:00, run_after=2025-08-14 09:00:00+00:00
[2025-08-14T09:47:38.979+0000] {processor.py:208} INFO - Processing /opt/airflow/dags/weather_etl_dag.py took 2.844 seconds
[2025-08-14T09:48:10.855+0000] {processor.py:186} INFO - Started process (PID=237) to work on /opt/airflow/dags/weather_etl_dag.py
[2025-08-14T09:48:10.988+0000] {processor.py:914} INFO - Processing file /opt/airflow/dags/weather_etl_dag.py for tasks to queue
[2025-08-14T09:48:10.995+0000] {logging_mixin.py:190} INFO - [2025-08-14T09:48:10.994+0000] {dagbag.py:588} INFO - Filling up the DagBag from /opt/airflow/dags/weather_etl_dag.py
[2025-08-14T09:48:12.191+0000] {processor.py:925} INFO - DAG(s) 'weather_etl_pipeline' retrieved from /opt/airflow/dags/weather_etl_dag.py
[2025-08-14T09:48:13.006+0000] {logging_mixin.py:190} INFO - [2025-08-14T09:48:13.005+0000] {dag.py:3239} INFO - Sync 1 DAGs
[2025-08-14T09:48:15.142+0000] {logging_mixin.py:190} INFO - [2025-08-14T09:48:15.141+0000] {dag.py:4180} INFO - Setting next_dagrun for weather_etl_pipeline to 2025-08-14 08:00:00+00:00, run_after=2025-08-14 09:00:00+00:00
[2025-08-14T09:48:17.095+0000] {processor.py:208} INFO - Processing /opt/airflow/dags/weather_etl_dag.py took 6.232 seconds
[2025-08-14T09:48:51.748+0000] {processor.py:186} INFO - Started process (PID=248) to work on /opt/airflow/dags/weather_etl_dag.py
[2025-08-14T09:48:52.150+0000] {processor.py:914} INFO - Processing file /opt/airflow/dags/weather_etl_dag.py for tasks to queue
[2025-08-14T09:48:52.420+0000] {logging_mixin.py:190} INFO - [2025-08-14T09:48:52.420+0000] {dagbag.py:588} INFO - Filling up the DagBag from /opt/airflow/dags/weather_etl_dag.py
[2025-08-14T09:48:53.044+0000] {processor.py:925} INFO - DAG(s) 'weather_etl_pipeline' retrieved from /opt/airflow/dags/weather_etl_dag.py
[2025-08-14T09:48:53.125+0000] {logging_mixin.py:190} INFO - [2025-08-14T09:48:53.125+0000] {dag.py:3239} INFO - Sync 1 DAGs
[2025-08-14T09:48:54.427+0000] {logging_mixin.py:190} INFO - [2025-08-14T09:48:54.427+0000] {dag.py:4180} INFO - Setting next_dagrun for weather_etl_pipeline to 2025-08-14 08:00:00+00:00, run_after=2025-08-14 09:00:00+00:00
[2025-08-14T09:48:55.117+0000] {processor.py:208} INFO - Processing /opt/airflow/dags/weather_etl_dag.py took 4.332 seconds
[2025-08-14T09:49:32.101+0000] {processor.py:186} INFO - Started process (PID=259) to work on /opt/airflow/dags/weather_etl_dag.py
[2025-08-14T09:49:32.815+0000] {processor.py:914} INFO - Processing file /opt/airflow/dags/weather_etl_dag.py for tasks to queue
[2025-08-14T09:49:32.819+0000] {logging_mixin.py:190} INFO - [2025-08-14T09:49:32.818+0000] {dagbag.py:588} INFO - Filling up the DagBag from /opt/airflow/dags/weather_etl_dag.py
[2025-08-14T09:49:35.032+0000] {processor.py:925} INFO - DAG(s) 'weather_etl_pipeline' retrieved from /opt/airflow/dags/weather_etl_dag.py
[2025-08-14T09:49:35.101+0000] {logging_mixin.py:190} INFO - [2025-08-14T09:49:35.101+0000] {dag.py:3239} INFO - Sync 1 DAGs
[2025-08-14T09:49:35.147+0000] {logging_mixin.py:190} INFO - [2025-08-14T09:49:35.146+0000] {dag.py:4180} INFO - Setting next_dagrun for weather_etl_pipeline to 2025-08-14 08:00:00+00:00, run_after=2025-08-14 09:00:00+00:00
[2025-08-14T09:49:35.176+0000] {processor.py:208} INFO - Processing /opt/airflow/dags/weather_etl_dag.py took 3.605 seconds
[2025-08-14T09:50:08.193+0000] {processor.py:186} INFO - Started process (PID=271) to work on /opt/airflow/dags/weather_etl_dag.py
[2025-08-14T09:50:08.277+0000] {processor.py:914} INFO - Processing file /opt/airflow/dags/weather_etl_dag.py for tasks to queue
[2025-08-14T09:50:08.279+0000] {logging_mixin.py:190} INFO - [2025-08-14T09:50:08.279+0000] {dagbag.py:588} INFO - Filling up the DagBag from /opt/airflow/dags/weather_etl_dag.py
[2025-08-14T09:50:08.327+0000] {processor.py:925} INFO - DAG(s) 'weather_etl_pipeline' retrieved from /opt/airflow/dags/weather_etl_dag.py
[2025-08-14T09:50:08.479+0000] {logging_mixin.py:190} INFO - [2025-08-14T09:50:08.478+0000] {dag.py:3239} INFO - Sync 1 DAGs
[2025-08-14T09:50:08.509+0000] {logging_mixin.py:190} INFO - [2025-08-14T09:50:08.509+0000] {dag.py:4180} INFO - Setting next_dagrun for weather_etl_pipeline to 2025-08-14 08:00:00+00:00, run_after=2025-08-14 09:00:00+00:00
[2025-08-14T09:50:08.531+0000] {processor.py:208} INFO - Processing /opt/airflow/dags/weather_etl_dag.py took 0.344 seconds
[2025-08-14T09:50:38.844+0000] {processor.py:186} INFO - Started process (PID=282) to work on /opt/airflow/dags/weather_etl_dag.py
[2025-08-14T09:50:38.846+0000] {processor.py:914} INFO - Processing file /opt/airflow/dags/weather_etl_dag.py for tasks to queue
[2025-08-14T09:50:38.851+0000] {logging_mixin.py:190} INFO - [2025-08-14T09:50:38.850+0000] {dagbag.py:588} INFO - Filling up the DagBag from /opt/airflow/dags/weather_etl_dag.py
[2025-08-14T09:50:38.895+0000] {processor.py:925} INFO - DAG(s) 'weather_etl_pipeline' retrieved from /opt/airflow/dags/weather_etl_dag.py
[2025-08-14T09:50:38.949+0000] {logging_mixin.py:190} INFO - [2025-08-14T09:50:38.949+0000] {dag.py:3239} INFO - Sync 1 DAGs
[2025-08-14T09:50:38.995+0000] {logging_mixin.py:190} INFO - [2025-08-14T09:50:38.994+0000] {dag.py:4180} INFO - Setting next_dagrun for weather_etl_pipeline to 2025-08-14 08:00:00+00:00, run_after=2025-08-14 09:00:00+00:00
[2025-08-14T09:50:39.027+0000] {processor.py:208} INFO - Processing /opt/airflow/dags/weather_etl_dag.py took 0.196 seconds
[2025-08-14T09:51:09.444+0000] {processor.py:186} INFO - Started process (PID=288) to work on /opt/airflow/dags/weather_etl_dag.py
[2025-08-14T09:51:09.446+0000] {processor.py:914} INFO - Processing file /opt/airflow/dags/weather_etl_dag.py for tasks to queue
[2025-08-14T09:51:09.449+0000] {logging_mixin.py:190} INFO - [2025-08-14T09:51:09.448+0000] {dagbag.py:588} INFO - Filling up the DagBag from /opt/airflow/dags/weather_etl_dag.py
[2025-08-14T09:51:09.469+0000] {processor.py:925} INFO - DAG(s) 'weather_etl_pipeline' retrieved from /opt/airflow/dags/weather_etl_dag.py
[2025-08-14T09:51:09.500+0000] {logging_mixin.py:190} INFO - [2025-08-14T09:51:09.500+0000] {dag.py:3239} INFO - Sync 1 DAGs
[2025-08-14T09:51:09.530+0000] {logging_mixin.py:190} INFO - [2025-08-14T09:51:09.530+0000] {dag.py:4180} INFO - Setting next_dagrun for weather_etl_pipeline to 2025-08-14 08:00:00+00:00, run_after=2025-08-14 09:00:00+00:00
[2025-08-14T09:51:09.564+0000] {processor.py:208} INFO - Processing /opt/airflow/dags/weather_etl_dag.py took 0.126 seconds
[2025-08-14T09:51:39.842+0000] {processor.py:186} INFO - Started process (PID=300) to work on /opt/airflow/dags/weather_etl_dag.py
[2025-08-14T09:51:39.844+0000] {processor.py:914} INFO - Processing file /opt/airflow/dags/weather_etl_dag.py for tasks to queue
[2025-08-14T09:51:39.847+0000] {logging_mixin.py:190} INFO - [2025-08-14T09:51:39.847+0000] {dagbag.py:588} INFO - Filling up the DagBag from /opt/airflow/dags/weather_etl_dag.py
[2025-08-14T09:51:39.877+0000] {processor.py:925} INFO - DAG(s) 'weather_etl_pipeline' retrieved from /opt/airflow/dags/weather_etl_dag.py
[2025-08-14T09:51:39.910+0000] {logging_mixin.py:190} INFO - [2025-08-14T09:51:39.910+0000] {dag.py:3239} INFO - Sync 1 DAGs
[2025-08-14T09:51:39.942+0000] {logging_mixin.py:190} INFO - [2025-08-14T09:51:39.942+0000] {dag.py:4180} INFO - Setting next_dagrun for weather_etl_pipeline to 2025-08-14 08:00:00+00:00, run_after=2025-08-14 09:00:00+00:00
[2025-08-14T09:51:39.967+0000] {processor.py:208} INFO - Processing /opt/airflow/dags/weather_etl_dag.py took 0.131 seconds
[2025-08-14T09:52:10.433+0000] {processor.py:186} INFO - Started process (PID=312) to work on /opt/airflow/dags/weather_etl_dag.py
[2025-08-14T09:52:10.434+0000] {processor.py:914} INFO - Processing file /opt/airflow/dags/weather_etl_dag.py for tasks to queue
[2025-08-14T09:52:10.437+0000] {logging_mixin.py:190} INFO - [2025-08-14T09:52:10.436+0000] {dagbag.py:588} INFO - Filling up the DagBag from /opt/airflow/dags/weather_etl_dag.py
[2025-08-14T09:52:10.499+0000] {processor.py:925} INFO - DAG(s) 'weather_etl_pipeline' retrieved from /opt/airflow/dags/weather_etl_dag.py
[2025-08-14T09:52:10.566+0000] {logging_mixin.py:190} INFO - [2025-08-14T09:52:10.566+0000] {dag.py:3239} INFO - Sync 1 DAGs
[2025-08-14T09:52:10.632+0000] {logging_mixin.py:190} INFO - [2025-08-14T09:52:10.631+0000] {dag.py:4180} INFO - Setting next_dagrun for weather_etl_pipeline to 2025-08-14 08:00:00+00:00, run_after=2025-08-14 09:00:00+00:00
[2025-08-14T09:52:10.670+0000] {processor.py:208} INFO - Processing /opt/airflow/dags/weather_etl_dag.py took 0.243 seconds
[2025-08-14T09:52:41.218+0000] {processor.py:186} INFO - Started process (PID=324) to work on /opt/airflow/dags/weather_etl_dag.py
[2025-08-14T09:52:41.220+0000] {processor.py:914} INFO - Processing file /opt/airflow/dags/weather_etl_dag.py for tasks to queue
[2025-08-14T09:52:41.223+0000] {logging_mixin.py:190} INFO - [2025-08-14T09:52:41.222+0000] {dagbag.py:588} INFO - Filling up the DagBag from /opt/airflow/dags/weather_etl_dag.py
[2025-08-14T09:52:41.431+0000] {processor.py:925} INFO - DAG(s) 'weather_etl_pipeline' retrieved from /opt/airflow/dags/weather_etl_dag.py
[2025-08-14T09:52:41.467+0000] {logging_mixin.py:190} INFO - [2025-08-14T09:52:41.467+0000] {dag.py:3239} INFO - Sync 1 DAGs
[2025-08-14T09:52:41.503+0000] {logging_mixin.py:190} INFO - [2025-08-14T09:52:41.503+0000] {dag.py:4180} INFO - Setting next_dagrun for weather_etl_pipeline to 2025-08-14 08:00:00+00:00, run_after=2025-08-14 09:00:00+00:00
[2025-08-14T09:52:41.524+0000] {processor.py:208} INFO - Processing /opt/airflow/dags/weather_etl_dag.py took 0.320 seconds
[2025-08-14T09:53:12.556+0000] {processor.py:186} INFO - Started process (PID=336) to work on /opt/airflow/dags/weather_etl_dag.py
[2025-08-14T09:53:12.557+0000] {processor.py:914} INFO - Processing file /opt/airflow/dags/weather_etl_dag.py for tasks to queue
[2025-08-14T09:53:12.561+0000] {logging_mixin.py:190} INFO - [2025-08-14T09:53:12.560+0000] {dagbag.py:588} INFO - Filling up the DagBag from /opt/airflow/dags/weather_etl_dag.py
[2025-08-14T09:53:12.582+0000] {processor.py:925} INFO - DAG(s) 'weather_etl_pipeline' retrieved from /opt/airflow/dags/weather_etl_dag.py
[2025-08-14T09:53:12.605+0000] {logging_mixin.py:190} INFO - [2025-08-14T09:53:12.605+0000] {dag.py:3239} INFO - Sync 1 DAGs
[2025-08-14T09:53:12.631+0000] {logging_mixin.py:190} INFO - [2025-08-14T09:53:12.630+0000] {dag.py:4180} INFO - Setting next_dagrun for weather_etl_pipeline to 2025-08-14 08:00:00+00:00, run_after=2025-08-14 09:00:00+00:00
[2025-08-14T09:53:12.662+0000] {processor.py:208} INFO - Processing /opt/airflow/dags/weather_etl_dag.py took 0.112 seconds
[2025-08-14T09:53:42.970+0000] {processor.py:186} INFO - Started process (PID=348) to work on /opt/airflow/dags/weather_etl_dag.py
[2025-08-14T09:53:42.971+0000] {processor.py:914} INFO - Processing file /opt/airflow/dags/weather_etl_dag.py for tasks to queue
[2025-08-14T09:53:42.974+0000] {logging_mixin.py:190} INFO - [2025-08-14T09:53:42.974+0000] {dagbag.py:588} INFO - Filling up the DagBag from /opt/airflow/dags/weather_etl_dag.py
[2025-08-14T09:53:42.998+0000] {processor.py:925} INFO - DAG(s) 'weather_etl_pipeline' retrieved from /opt/airflow/dags/weather_etl_dag.py
[2025-08-14T09:53:43.023+0000] {logging_mixin.py:190} INFO - [2025-08-14T09:53:43.023+0000] {dag.py:3239} INFO - Sync 1 DAGs
[2025-08-14T09:53:43.052+0000] {logging_mixin.py:190} INFO - [2025-08-14T09:53:43.052+0000] {dag.py:4180} INFO - Setting next_dagrun for weather_etl_pipeline to 2025-08-14 08:00:00+00:00, run_after=2025-08-14 09:00:00+00:00
[2025-08-14T09:53:43.075+0000] {processor.py:208} INFO - Processing /opt/airflow/dags/weather_etl_dag.py took 0.111 seconds
[2025-08-14T09:54:13.279+0000] {processor.py:186} INFO - Started process (PID=360) to work on /opt/airflow/dags/weather_etl_dag.py
[2025-08-14T09:54:13.281+0000] {processor.py:914} INFO - Processing file /opt/airflow/dags/weather_etl_dag.py for tasks to queue
[2025-08-14T09:54:13.284+0000] {logging_mixin.py:190} INFO - [2025-08-14T09:54:13.283+0000] {dagbag.py:588} INFO - Filling up the DagBag from /opt/airflow/dags/weather_etl_dag.py
[2025-08-14T09:54:13.314+0000] {processor.py:925} INFO - DAG(s) 'weather_etl_pipeline' retrieved from /opt/airflow/dags/weather_etl_dag.py
[2025-08-14T09:54:13.346+0000] {logging_mixin.py:190} INFO - [2025-08-14T09:54:13.345+0000] {dag.py:3239} INFO - Sync 1 DAGs
[2025-08-14T09:54:13.379+0000] {logging_mixin.py:190} INFO - [2025-08-14T09:54:13.379+0000] {dag.py:4180} INFO - Setting next_dagrun for weather_etl_pipeline to 2025-08-14 08:00:00+00:00, run_after=2025-08-14 09:00:00+00:00
[2025-08-14T09:54:13.402+0000] {processor.py:208} INFO - Processing /opt/airflow/dags/weather_etl_dag.py took 0.130 seconds
