[2025-08-14T09:44:26.808+0000] {manager.py:483} INFO - Processing files using up to 2 processes at a time 
[2025-08-14T09:44:26.809+0000] {manager.py:484} INFO - Process each file at most once every 30 seconds
[2025-08-14T09:44:26.810+0000] {manager.py:485} INFO - Checking for new files in /opt/airflow/dags every 300 seconds
[2025-08-14T09:44:26.810+0000] {manager.py:821} INFO - Searching for files in /opt/airflow/dags
[2025-08-14T09:44:27.204+0000] {manager.py:824} INFO - There are 1 files in /opt/airflow/dags
[2025-08-14T09:44:27.477+0000] {manager.py:997} INFO - 
================================================================================
DAG File Processing Stats

File Path                               PID  Runtime      # DAGs    # Errors  Last Runtime    Last Run      Last # of DB Queries
------------------------------------  -----  ---------  --------  ----------  --------------  ----------  ----------------------
/opt/airflow/dags/weather_etl_dag.py    168  0.12s             0           0                                                   0
================================================================================
[2025-08-14T09:44:57.758+0000] {manager.py:997} INFO - 
================================================================================
DAG File Processing Stats

File Path                             PID    Runtime      # DAGs    # Errors  Last Runtime    Last Run               Last # of DB Queries
------------------------------------  -----  ---------  --------  ----------  --------------  -------------------  ----------------------
/opt/airflow/dags/weather_etl_dag.py                           1           0  1.41s           2025-08-14T09:44:28                      45
================================================================================
[2025-08-14T09:45:27.771+0000] {manager.py:997} INFO - 
================================================================================
DAG File Processing Stats

File Path                             PID    Runtime      # DAGs    # Errors  Last Runtime    Last Run               Last # of DB Queries
------------------------------------  -----  ---------  --------  ----------  --------------  -------------------  ----------------------
/opt/airflow/dags/weather_etl_dag.py                           1           0  0.25s           2025-08-14T09:44:59                      12
================================================================================
[2025-08-14T09:45:58.625+0000] {manager.py:997} INFO - 
================================================================================
DAG File Processing Stats

File Path                             PID    Runtime      # DAGs    # Errors  Last Runtime    Last Run               Last # of DB Queries
------------------------------------  -----  ---------  --------  ----------  --------------  -------------------  ----------------------
/opt/airflow/dags/weather_etl_dag.py                           1           0  20.61s          2025-08-14T09:45:51                      12
================================================================================
[2025-08-14T09:46:28.945+0000] {manager.py:997} INFO - 
================================================================================
DAG File Processing Stats

File Path                               PID  Runtime      # DAGs    # Errors  Last Runtime    Last Run               Last # of DB Queries
------------------------------------  -----  ---------  --------  ----------  --------------  -------------------  ----------------------
/opt/airflow/dags/weather_etl_dag.py    203  5.47s             1           0  20.61s          2025-08-14T09:45:51                      12
================================================================================
[2025-08-14T09:47:00.106+0000] {manager.py:997} INFO - 
================================================================================
DAG File Processing Stats

File Path                             PID    Runtime      # DAGs    # Errors  Last Runtime    Last Run               Last # of DB Queries
------------------------------------  -----  ---------  --------  ----------  --------------  -------------------  ----------------------
/opt/airflow/dags/weather_etl_dag.py                           1           0  8.13s           2025-08-14T09:46:31                      12
================================================================================
[2025-08-14T09:47:30.682+0000] {manager.py:997} INFO - 
================================================================================
DAG File Processing Stats

File Path                             PID    Runtime      # DAGs    # Errors  Last Runtime    Last Run               Last # of DB Queries
------------------------------------  -----  ---------  --------  ----------  --------------  -------------------  ----------------------
/opt/airflow/dags/weather_etl_dag.py                           1           0  2.05s           2025-08-14T09:47:04                      12
================================================================================
[2025-08-14T09:48:00.878+0000] {manager.py:997} INFO - 
================================================================================
DAG File Processing Stats

File Path                             PID    Runtime      # DAGs    # Errors  Last Runtime    Last Run               Last # of DB Queries
------------------------------------  -----  ---------  --------  ----------  --------------  -------------------  ----------------------
/opt/airflow/dags/weather_etl_dag.py                           1           0  3.95s           2025-08-14T09:47:39                      12
================================================================================
[2025-08-14T09:48:30.961+0000] {manager.py:997} INFO - 
================================================================================
DAG File Processing Stats

File Path                             PID    Runtime      # DAGs    # Errors  Last Runtime    Last Run               Last # of DB Queries
------------------------------------  -----  ---------  --------  ----------  --------------  -------------------  ----------------------
/opt/airflow/dags/weather_etl_dag.py                           1           0  7.23s           2025-08-14T09:48:17                      12
================================================================================
[2025-08-14T09:49:01.260+0000] {manager.py:997} INFO - 
================================================================================
DAG File Processing Stats

File Path                             PID    Runtime      # DAGs    # Errors  Last Runtime    Last Run               Last # of DB Queries
------------------------------------  -----  ---------  --------  ----------  --------------  -------------------  ----------------------
/opt/airflow/dags/weather_etl_dag.py                           1           0  4.82s           2025-08-14T09:48:55                      12
================================================================================
[2025-08-14T09:49:31.825+0000] {manager.py:821} INFO - Searching for files in /opt/airflow/dags
[2025-08-14T09:49:35.085+0000] {manager.py:824} INFO - There are 1 files in /opt/airflow/dags
[2025-08-14T09:49:37.210+0000] {manager.py:997} INFO - 
================================================================================
DAG File Processing Stats

File Path                             PID    Runtime      # DAGs    # Errors  Last Runtime    Last Run               Last # of DB Queries
------------------------------------  -----  ---------  --------  ----------  --------------  -------------------  ----------------------
/opt/airflow/dags/weather_etl_dag.py                           1           0  9.28s           2025-08-14T09:49:37                      12
================================================================================
[2025-08-14T09:50:08.171+0000] {manager.py:997} INFO - 
================================================================================
DAG File Processing Stats

File Path                               PID  Runtime      # DAGs    # Errors  Last Runtime    Last Run               Last # of DB Queries
------------------------------------  -----  ---------  --------  ----------  --------------  -------------------  ----------------------
/opt/airflow/dags/weather_etl_dag.py    271  0.00s             1           0  9.28s           2025-08-14T09:49:37                      12
================================================================================
[2025-08-14T09:50:38.418+0000] {manager.py:997} INFO - 
================================================================================
DAG File Processing Stats

File Path                             PID    Runtime      # DAGs    # Errors  Last Runtime    Last Run               Last # of DB Queries
------------------------------------  -----  ---------  --------  ----------  --------------  -------------------  ----------------------
/opt/airflow/dags/weather_etl_dag.py                           1           0  0.37s           2025-08-14T09:50:08                      12
================================================================================
[2025-08-14T09:51:08.529+0000] {manager.py:997} INFO - 
================================================================================
DAG File Processing Stats

File Path                             PID    Runtime      # DAGs    # Errors  Last Runtime    Last Run               Last # of DB Queries
------------------------------------  -----  ---------  --------  ----------  --------------  -------------------  ----------------------
/opt/airflow/dags/weather_etl_dag.py                           1           0  0.31s           2025-08-14T09:50:39                      12
================================================================================
[2025-08-14T09:51:38.761+0000] {manager.py:997} INFO - 
================================================================================
DAG File Processing Stats

File Path                             PID    Runtime      # DAGs    # Errors  Last Runtime    Last Run               Last # of DB Queries
------------------------------------  -----  ---------  --------  ----------  --------------  -------------------  ----------------------
/opt/airflow/dags/weather_etl_dag.py                           1           0  0.15s           2025-08-14T09:51:09                      12
================================================================================
[2025-08-14T09:52:09.238+0000] {manager.py:997} INFO - 
================================================================================
DAG File Processing Stats

File Path                             PID    Runtime      # DAGs    # Errors  Last Runtime    Last Run               Last # of DB Queries
------------------------------------  -----  ---------  --------  ----------  --------------  -------------------  ----------------------
/opt/airflow/dags/weather_etl_dag.py                           1           0  0.16s           2025-08-14T09:51:39                      12
================================================================================
[2025-08-14T09:52:39.465+0000] {manager.py:997} INFO - 
================================================================================
DAG File Processing Stats

File Path                             PID    Runtime      # DAGs    # Errors  Last Runtime    Last Run               Last # of DB Queries
------------------------------------  -----  ---------  --------  ----------  --------------  -------------------  ----------------------
/opt/airflow/dags/weather_etl_dag.py                           1           0  0.42s           2025-08-14T09:52:10                      12
================================================================================
[2025-08-14T09:53:10.476+0000] {manager.py:997} INFO - 
================================================================================
DAG File Processing Stats

File Path                             PID    Runtime      # DAGs    # Errors  Last Runtime    Last Run               Last # of DB Queries
------------------------------------  -----  ---------  --------  ----------  --------------  -------------------  ----------------------
/opt/airflow/dags/weather_etl_dag.py                           1           0  0.46s           2025-08-14T09:52:41                      12
================================================================================
[2025-08-14T09:53:40.920+0000] {manager.py:997} INFO - 
================================================================================
DAG File Processing Stats

File Path                             PID    Runtime      # DAGs    # Errors  Last Runtime    Last Run               Last # of DB Queries
------------------------------------  -----  ---------  --------  ----------  --------------  -------------------  ----------------------
/opt/airflow/dags/weather_etl_dag.py                           1           0  0.14s           2025-08-14T09:53:12                      12
================================================================================
[2025-08-14T09:54:11.224+0000] {manager.py:997} INFO - 
================================================================================
DAG File Processing Stats

File Path                             PID    Runtime      # DAGs    # Errors  Last Runtime    Last Run               Last # of DB Queries
------------------------------------  -----  ---------  --------  ----------  --------------  -------------------  ----------------------
/opt/airflow/dags/weather_etl_dag.py                           1           0  0.14s           2025-08-14T09:53:43                      12
================================================================================
[2025-08-14T09:54:24.899+0000] {manager.py:465} INFO - Exiting gracefully upon receiving signal 15
